#
# A fatal error has been detected by the Java Runtime Environment:
#
#  EXCEPTION_ACCESS_VIOLATION (0xc0000005) at pc=0x00000000048d1865, pid=2500, tid=8880
#
# JRE version: Java(TM) SE Runtime Environment (8.0_73-b02) (build 1.8.0_73-b02)
# Java VM: Java HotSpot(TM) 64-Bit Server VM (25.73-b02 mixed mode windows-amd64 compressed oops)
# Problematic frame:
# J 14952 C2 org.apache.xerces.dom.AttrImpl.setOwnerDocument(Lorg/apache/xerces/dom/CoreDocumentImpl;)V (49 bytes) @ 0x00000000048d1865 [0x00000000048d17e0+0x85]
#
# Failed to write core dump. Minidumps are not enabled by default on client versions of Windows
#
# If you would like to submit a bug report, please visit:
#   http://bugreport.java.com/bugreport/crash.jsp
#

---------------  T H R E A D  ---------------

Current thread (0x000000001c71a000):  JavaThread "Daemon worker Thread 19" [_thread_in_Java, id=8880, stack(0x0000000071d50000,0x0000000071e50000)]

siginfo: ExceptionCode=0xc0000005, reading address 0x0000000000000108

Registers:
RAX=0x00000001007cdd58, RBX=0x0000000000000000, RCX=0x0000000011510000, RDX=0x00000000ef3728c0
RSP=0x0000000071e4c6e0, RBP=0x00000000f0311970, RSI=0x00000001007cdd58, RDI=0x0000000011510000
R8 =0x00000000f19e7070, R9 =0x00000000f19e7070, R10=0x0000000000000100, R11=0x0000000000000100
R12=0x0000000000000000, R13=0x0000000000000000, R14=0x00000000f1a07740, R15=0x000000001c71a000
RIP=0x00000000048d1865, EFLAGS=0x0000000000010206

Top of Stack: (sp=0x0000000071e4c6e0)
0x0000000071e4c6e0:   0000000071e4c980 0000000006002c54
0x0000000071e4c6f0:   00000000c015ce00 00000000c28a9ff0
0x0000000071e4c700:   00000000ee18f168 00000000f19e7070
0x0000000071e4c710:   0000000000000000 00000000028921bc
0x0000000071e4c720:   00000000f030fd18 000000000572091c
0x0000000071e4c730:   00000000ee1a21b8 0000000000000000
0x0000000071e4c740:   00000000f030fd18 000000000636cd0c
0x0000000071e4c750:   00000000f030fda0 00000000f19e7070
0x0000000071e4c760:   00000000f19e7070 00000000ef3728a8
0x0000000071e4c770:   00000000c015cdf0 000000000573a5e4
0x0000000071e4c780:   0000000000000004 00000000039f6478
0x0000000071e4c790:   00000000ef3728a8 000000000636941c
0x0000000071e4c7a0:   0000000011510000 000000000572091c
0x0000000071e4c7b0:   00000000ffffffff 0000000000000007
0x0000000071e4c7c0:   00000000ef372660 00000000f19e7070
0x0000000071e4c7d0:   00000000f1a07788 00000000ef372660 

Instructions: (pc=0x00000000048d1865)
0x00000000048d1845:   41 f7 c2 80 00 00 00 75 50 8b 6a 14 44 8b 5d 08
0x00000000048d1855:   41 81 fb 85 9e 0f 20 0f 85 e3 00 00 00 4c 8b d5
0x00000000048d1865:   45 8b 5a 08 41 81 fb 85 9e 0f 20 75 5d 45 0f bf
0x00000000048d1875:   5a 0c 41 8b db 83 e3 02 85 db 75 64 41 f7 c3 08 


Register to memory mapping:

RAX=0x00000001007cdd58 is pointing into metadata
RBX=0x0000000000000000 is an unknown value
RCX=0x0000000011510000 is an unknown value
RDX=0x00000000ef3728c0 is an oop
org.apache.xerces.dom.DeferredAttrNSImpl 
 - klass: 'org/apache/xerces/dom/DeferredAttrNSImpl'
RSP=0x0000000071e4c6e0 is pointing into the stack for thread: 0x000000001c71a000
RBP=0x00000000f0311970 is an oop
org.apache.xerces.dom.TextImpl 
 - klass: 'org/apache/xerces/dom/TextImpl'
RSI=0x00000001007cdd58 is pointing into metadata
RDI=0x0000000011510000 is an unknown value
R8 =0x00000000f19e7070 is an oop
org.apache.xerces.dom.DocumentImpl 
 - klass: 'org/apache/xerces/dom/DocumentImpl'
R9 =0x00000000f19e7070 is an oop
org.apache.xerces.dom.DocumentImpl 
 - klass: 'org/apache/xerces/dom/DocumentImpl'
R10=0x0000000000000100 is an unknown value
R11=0x0000000000000100 is an unknown value
R12=0x0000000000000000 is an unknown value
R13=0x0000000000000000 is an unknown value
R14=0x00000000f1a07740 is an oop
java.util.Vector 
 - klass: 'java/util/Vector'
R15=0x000000001c71a000 is a thread


Stack: [0x0000000071d50000,0x0000000071e50000],  sp=0x0000000071e4c6e0,  free space=1009k
Native frames: (J=compiled Java code, j=interpreted, Vv=VM code, C=native code)
C  0x00000000048d1865


---------------  P R O C E S S  ---------------

Java Threads: ( => current thread )
  0x000000001c721800 JavaThread "pool-15-thread-4" [_thread_blocked, id=7080, stack(0x0000000072c50000,0x0000000072d50000)]
  0x000000001c721000 JavaThread "pool-15-thread-3" [_thread_blocked, id=5980, stack(0x0000000072b50000,0x0000000072c50000)]
  0x000000001c720000 JavaThread "pool-15-thread-2" [_thread_blocked, id=6772, stack(0x0000000072a50000,0x0000000072b50000)]
  0x000000001c71e000 JavaThread "pool-15-thread-1" [_thread_blocked, id=12296, stack(0x0000000072950000,0x0000000072a50000)]
  0x000000001c717800 JavaThread "Stdin handler" [_thread_blocked, id=12860, stack(0x0000000071e50000,0x0000000071f50000)]
=>0x000000001c71a000 JavaThread "Daemon worker Thread 19" [_thread_in_Java, id=8880, stack(0x0000000071d50000,0x0000000071e50000)]
  0x000000001c71b800 JavaThread "Cancel handler" [_thread_blocked, id=16248, stack(0x0000000071c50000,0x0000000071d50000)]
  0x000000001c719000 JavaThread "Handler for socket connection from /127.0.0.1:57663 to /127.0.0.1:58717" [_thread_in_native, id=7264, stack(0x0000000071b50000,0x0000000071c50000)]
  0x000000001c718800 JavaThread "Daemon Thread 19" [_thread_blocked, id=10732, stack(0x0000000071a50000,0x0000000071b50000)]
  0x00000000183f4800 JavaThread "File lock request listener" [_thread_in_native, id=396, stack(0x000000001a790000,0x000000001a890000)]
  0x0000000017989000 JavaThread "Incoming local TCP Connector on port 57663" [_thread_in_native, id=5984, stack(0x0000000017480000,0x0000000017580000)]
  0x00000000164ff800 JavaThread "Service Thread" daemon [_thread_blocked, id=2596, stack(0x0000000016a80000,0x0000000016b80000)]
  0x0000000014e7e800 JavaThread "C1 CompilerThread2" daemon [_thread_blocked, id=3520, stack(0x0000000016980000,0x0000000016a80000)]
  0x0000000014e7d000 JavaThread "C2 CompilerThread1" daemon [_thread_blocked, id=8464, stack(0x0000000016880000,0x0000000016980000)]
  0x0000000014e7a000 JavaThread "C2 CompilerThread0" daemon [_thread_blocked, id=8076, stack(0x0000000016380000,0x0000000016480000)]
  0x0000000014e2f000 JavaThread "Attach Listener" daemon [_thread_blocked, id=5876, stack(0x0000000016280000,0x0000000016380000)]
  0x0000000014e2e000 JavaThread "Signal Dispatcher" daemon [_thread_blocked, id=5716, stack(0x0000000016180000,0x0000000016280000)]
  0x0000000002747000 JavaThread "Finalizer" daemon [_thread_blocked, id=8836, stack(0x0000000016080000,0x0000000016180000)]
  0x000000000273e800 JavaThread "Reference Handler" daemon [_thread_blocked, id=7692, stack(0x0000000015f80000,0x0000000016080000)]
  0x000000000264d800 JavaThread "main" [_thread_blocked, id=5068, stack(0x0000000002470000,0x0000000002570000)]

Other Threads:
  0x0000000014de7000 VMThread [stack: 0x0000000015e80000,0x0000000015f80000] [id=3612]
  0x0000000016545800 WatcherThread [stack: 0x0000000016b80000,0x0000000016c80000] [id=8824]

VM state:not at safepoint (normal execution)

VM Mutex/Monitor currently owned by a thread: None

Heap:
 PSYoungGen      total 293888K, used 172724K [0x00000000eab00000, 0x00000000ff980000, 0x0000000100000000)
  eden space 264704K, 54% used [0x00000000eab00000,0x00000000f3733cd8,0x00000000fad80000)
  from space 29184K, 99% used [0x00000000fce80000,0x00000000feaf9448,0x00000000feb00000)
  to   space 33792K, 0% used [0x00000000fad80000,0x00000000fad80000,0x00000000fce80000)
 ParOldGen       total 223232K, used 95938K [0x00000000c0000000, 0x00000000cda00000, 0x00000000eab00000)
  object space 223232K, 42% used [0x00000000c0000000,0x00000000c5db0b70,0x00000000cda00000)
 Metaspace       used 84780K, capacity 96802K, committed 99200K, reserved 1134592K
  class space    used 10632K, capacity 14225K, committed 14976K, reserved 1048576K

Card table byte_map: [0x0000000011b10000,0x0000000011d20000] byte_map_base: 0x0000000011510000

Marking Bits: (ParMarkBitMap*) 0x0000000070e20600
 Begin Bits: [0x0000000012280000, 0x0000000013280000)
 End Bits:   [0x0000000013280000, 0x0000000014280000)

Polling page: 0x0000000000510000

CodeCache: size=245760Kb used=82081Kb max_used=82131Kb free=163678Kb
 bounds [0x0000000002750000, 0x0000000007800000, 0x0000000011750000]
 total_blobs=20015 nmethods=19252 adapters=671
 compilation: enabled

Compilation events (10 events):
Event: 4699.036 Thread 0x0000000014e7e800 25309   !   3       com.android.ide.common.res2.ResourceSet::readSourceFolder (108 bytes)
Event: 4699.038 Thread 0x0000000014e7e800 nmethod 25309 0x00000000077adf50 code [0x00000000077ae1c0, 0x00000000077af288]
Event: 4699.110 Thread 0x0000000014e7d000 25310       4       com.android.ide.common.res2.NodeUtils::duplicateNode (249 bytes)
Event: 4699.141 Thread 0x0000000014e7a000 25311   !   4       com.android.ide.common.res2.MergedResourceWriter$1::call (286 bytes)
Event: 4699.372 Thread 0x0000000014e7d000 nmethod 25310 0x00000000077d0310 code [0x00000000077d0740, 0x00000000077d4f78]
Event: 4699.373 Thread 0x0000000014e7d000 25312       4       com.android.ide.common.res2.MergedResourceWriter::getFolderName (54 bytes)
Event: 4699.377 Thread 0x0000000014e7d000 nmethod 25312 0x000000000779d690 code [0x000000000779d800, 0x000000000779dab8]
Event: 4699.478 Thread 0x0000000014e7d000 25313       4       java.util.concurrent.FutureTask::get (23 bytes)
Event: 4699.479 Thread 0x0000000014e7d000 nmethod 25313 0x000000000605c5d0 code [0x000000000605c700, 0x000000000605c798]
Event: 4700.243 Thread 0x0000000014e7a000 nmethod 25311 0x00000000077e3990 code [0x00000000077e4320, 0x00000000077ed020]

GC Heap History (10 events):
Event: 4596.756 GC heap before
{Heap before GC invocations=84 (full 20):
 PSYoungGen      total 280064K, used 248320K [0x00000000eab00000, 0x00000000fdd80000, 0x0000000100000000)
  eden space 248320K, 100% used [0x00000000eab00000,0x00000000f9d80000,0x00000000f9d80000)
  from space 31744K, 0% used [0x00000000f9d80000,0x00000000f9d80000,0x00000000fbc80000)
  to   space 32768K, 0% used [0x00000000fbd80000,0x00000000fbd80000,0x00000000fdd80000)
 ParOldGen       total 223232K, used 95089K [0x00000000c0000000, 0x00000000cda00000, 0x00000000eab00000)
  object space 223232K, 42% used [0x00000000c0000000,0x00000000c5cdc678,0x00000000cda00000)
 Metaspace       used 83987K, capacity 95170K, committed 98944K, reserved 1132544K
  class space    used 10521K, capacity 13843K, committed 14976K, reserved 1048576K
Event: 4596.777 GC heap after
Heap after GC invocations=84 (full 20):
 PSYoungGen      total 282624K, used 16016K [0x00000000eab00000, 0x00000000fe200000, 0x0000000100000000)
  eden space 249856K, 0% used [0x00000000eab00000,0x00000000eab00000,0x00000000f9f00000)
  from space 32768K, 48% used [0x00000000fbd80000,0x00000000fcd243f0,0x00000000fdd80000)
  to   space 31232K, 0% used [0x00000000f9f00000,0x00000000f9f00000,0x00000000fbd80000)
 ParOldGen       total 223232K, used 95097K [0x00000000c0000000, 0x00000000cda00000, 0x00000000eab00000)
  object space 223232K, 42% used [0x00000000c0000000,0x00000000c5cde678,0x00000000cda00000)
 Metaspace       used 83987K, capacity 95170K, committed 98944K, reserved 1132544K
  class space    used 10521K, capacity 13843K, committed 14976K, reserved 1048576K
}
Event: 4616.463 GC heap before
{Heap before GC invocations=85 (full 20):
 PSYoungGen      total 282624K, used 265872K [0x00000000eab00000, 0x00000000fe200000, 0x0000000100000000)
  eden space 249856K, 100% used [0x00000000eab00000,0x00000000f9f00000,0x00000000f9f00000)
  from space 32768K, 48% used [0x00000000fbd80000,0x00000000fcd243f0,0x00000000fdd80000)
  to   space 31232K, 0% used [0x00000000f9f00000,0x00000000f9f00000,0x00000000fbd80000)
 ParOldGen       total 223232K, used 95097K [0x00000000c0000000, 0x00000000cda00000, 0x00000000eab00000)
  object space 223232K, 42% used [0x00000000c0000000,0x00000000c5cde678,0x00000000cda00000)
 Metaspace       used 84137K, capacity 95590K, committed 98944K, reserved 1132544K
  class space    used 10543K, capacity 13947K, committed 14976K, reserved 1048576K
Event: 4616.474 GC heap after
Heap after GC invocations=85 (full 20):
 PSYoungGen      total 281088K, used 4544K [0x00000000eab00000, 0x00000000fe380000, 0x0000000100000000)
  eden space 249856K, 0% used [0x00000000eab00000,0x00000000eab00000,0x00000000f9f00000)
  from space 31232K, 14% used [0x00000000f9f00000,0x00000000fa370000,0x00000000fbd80000)
  to   space 31744K, 0% used [0x00000000fc480000,0x00000000fc480000,0x00000000fe380000)
 ParOldGen       total 223232K, used 95097K [0x00000000c0000000, 0x00000000cda00000, 0x00000000eab00000)
  object space 223232K, 42% used [0x00000000c0000000,0x00000000c5cde678,0x00000000cda00000)
 Metaspace       used 84137K, capacity 95590K, committed 98944K, reserved 1132544K
  class space    used 10543K, capacity 13947K, committed 14976K, reserved 1048576K
}
Event: 4617.651 GC heap before
{Heap before GC invocations=86 (full 20):
 PSYoungGen      total 281088K, used 254400K [0x00000000eab00000, 0x00000000fe380000, 0x0000000100000000)
  eden space 249856K, 100% used [0x00000000eab00000,0x00000000f9f00000,0x00000000f9f00000)
  from space 31232K, 14% used [0x00000000f9f00000,0x00000000fa370000,0x00000000fbd80000)
  to   space 31744K, 0% used [0x00000000fc480000,0x00000000fc480000,0x00000000fe380000)
 ParOldGen       total 223232K, used 95097K [0x00000000c0000000, 0x00000000cda00000, 0x00000000eab00000)
  object space 223232K, 42% used [0x00000000c0000000,0x00000000c5cde678,0x00000000cda00000)
 Metaspace       used 84311K, capacity 96174K, committed 98944K, reserved 1132544K
  class space    used 10573K, capacity 14083K, committed 14976K, reserved 1048576K
Event: 4617.662 GC heap after
Heap after GC invocations=86 (full 20):
 PSYoungGen      total 289280K, used 8926K [0x00000000eab00000, 0x00000000fe880000, 0x0000000100000000)
  eden space 257536K, 0% used [0x00000000eab00000,0x00000000eab00000,0x00000000fa680000)
  from space 31744K, 28% used [0x00000000fc480000,0x00000000fcd37ae0,0x00000000fe380000)
  to   space 30720K, 0% used [0x00000000fa680000,0x00000000fa680000,0x00000000fc480000)
 ParOldGen       total 223232K, used 95105K [0x00000000c0000000, 0x00000000cda00000, 0x00000000eab00000)
  object space 223232K, 42% used [0x00000000c0000000,0x00000000c5ce0678,0x00000000cda00000)
 Metaspace       used 84311K, capacity 96174K, committed 98944K, reserved 1132544K
  class space    used 10573K, capacity 14083K, committed 14976K, reserved 1048576K
}
Event: 4694.056 GC heap before
{Heap before GC invocations=87 (full 20):
 PSYoungGen      total 289280K, used 266462K [0x00000000eab00000, 0x00000000fe880000, 0x0000000100000000)
  eden space 257536K, 100% used [0x00000000eab00000,0x00000000fa680000,0x00000000fa680000)
  from space 31744K, 28% used [0x00000000fc480000,0x00000000fcd37ae0,0x00000000fe380000)
  to   space 30720K, 0% used [0x00000000fa680000,0x00000000fa680000,0x00000000fc480000)
 ParOldGen       total 223232K, used 95105K [0x00000000c0000000, 0x00000000cda00000, 0x00000000eab00000)
  object space 223232K, 42% used [0x00000000c0000000,0x00000000c5ce0678,0x00000000cda00000)
 Metaspace       used 84661K, capacity 96688K, committed 99200K, reserved 1134592K
  class space    used 10624K, capacity 14191K, committed 14976K, reserved 1048576K
Event: 4694.079 GC heap after
Heap after GC invocations=87 (full 20):
 PSYoungGen      total 288256K, used 14549K [0x00000000eab00000, 0x00000000feb00000, 0x0000000100000000)
  eden space 257536K, 0% used [0x00000000eab00000,0x00000000eab00000,0x00000000fa680000)
  from space 30720K, 47% used [0x00000000fa680000,0x00000000fb4b5480,0x00000000fc480000)
  to   space 29184K, 0% used [0x00000000fce80000,0x00000000fce80000,0x00000000feb00000)
 ParOldGen       total 223232K, used 95113K [0x00000000c0000000, 0x00000000cda00000, 0x00000000eab00000)
  object space 223232K, 42% used [0x00000000c0000000,0x00000000c5ce2678,0x00000000cda00000)
 Metaspace       used 84661K, capacity 96688K, committed 99200K, reserved 1134592K
  class space    used 10624K, capacity 14191K, committed 14976K, reserved 1048576K
}
Event: 4697.973 GC heap before
{Heap before GC invocations=88 (full 20):
 PSYoungGen      total 288256K, used 272085K [0x00000000eab00000, 0x00000000feb00000, 0x0000000100000000)
  eden space 257536K, 100% used [0x00000000eab00000,0x00000000fa680000,0x00000000fa680000)
  from space 30720K, 47% used [0x00000000fa680000,0x00000000fb4b5480,0x00000000fc480000)
  to   space 29184K, 0% used [0x00000000fce80000,0x00000000fce80000,0x00000000feb00000)
 ParOldGen       total 223232K, used 95113K [0x00000000c0000000, 0x00000000cda00000, 0x00000000eab00000)
  object space 223232K, 42% used [0x00000000c0000000,0x00000000c5ce2678,0x00000000cda00000)
 Metaspace       used 84777K, capacity 96802K, committed 99200K, reserved 1134592K
  class space    used 10632K, capacity 14225K, committed 14976K, reserved 1048576K
Event: 4698.012 GC heap after
Heap after GC invocations=88 (full 20):
 PSYoungGen      total 293888K, used 29157K [0x00000000eab00000, 0x00000000ff980000, 0x0000000100000000)
  eden space 264704K, 0% used [0x00000000eab00000,0x00000000eab00000,0x00000000fad80000)
  from space 29184K, 99% used [0x00000000fce80000,0x00000000feaf9448,0x00000000feb00000)
  to   space 33792K, 0% used [0x00000000fad80000,0x00000000fad80000,0x00000000fce80000)
 ParOldGen       total 223232K, used 95938K [0x00000000c0000000, 0x00000000cda00000, 0x00000000eab00000)
  object space 223232K, 42% used [0x00000000c0000000,0x00000000c5db0b70,0x00000000cda00000)
 Metaspace       used 84777K, capacity 96802K, committed 99200K, reserved 1134592K
  class space    used 10632K, capacity 14225K, committed 14976K, reserved 1048576K
}

Deoptimization events (10 events):
Event: 4599.476 Thread 0x000000001c5d1800 Uncommon trap: reason=class_check action=maybe_recompile pc=0x000000000513f354 method=java.lang.reflect.Array.newInstance(Ljava/lang/Class;I)Ljava/lang/Object; @ 2
Event: 4615.417 Thread 0x000000001c71b800 Uncommon trap: reason=class_check action=maybe_recompile pc=0x000000000513f354 method=java.lang.reflect.Array.newInstance(Ljava/lang/Class;I)Ljava/lang/Object; @ 2
Event: 4617.344 Thread 0x000000001c5d9800 Uncommon trap: reason=unstable_if action=reinterpret pc=0x0000000004f3b82c method=groovyjarjarasm.asm.ByteVector.putInt(I)Lgroovyjarjarasm/asm/ByteVector; @ 13
Event: 4622.360 Thread 0x000000001c5d9800 Uncommon trap: reason=array_check action=maybe_recompile pc=0x00000000073f57b4 method=java.util.ComparableTimSort.mergeHi(IIII)V @ 171
Event: 4622.360 Thread 0x000000001c5d9800 Uncommon trap: reason=array_check action=maybe_recompile pc=0x0000000006289c6c method=java.util.ComparableTimSort.mergeLo(IIII)V @ 133
Event: 4622.383 Thread 0x000000001c5d9800 Uncommon trap: reason=unstable_if action=reinterpret pc=0x0000000006289bcc method=java.util.ComparableTimSort.mergeLo(IIII)V @ 510
Event: 4622.384 Thread 0x000000001c5d9800 Uncommon trap: reason=array_check action=maybe_recompile pc=0x000000000705f160 method=java.util.ComparableTimSort.mergeLo(IIII)V @ 465
Event: 4622.384 Thread 0x000000001c5d9800 Uncommon trap: reason=array_check action=maybe_recompile pc=0x0000000002ccfaa0 method=java.util.ComparableTimSort.mergeLo(IIII)V @ 371
Event: 4622.387 Thread 0x000000001c5d9800 Uncommon trap: reason=array_check action=maybe_recompile pc=0x00000000073f57b4 method=java.util.ComparableTimSort.mergeHi(IIII)V @ 171
Event: 4622.389 Thread 0x000000001c5d9800 Uncommon trap: reason=array_check action=maybe_recompile pc=0x00000000073a6e88 method=java.util.ComparableTimSort.mergeHi(IIII)V @ 521

Internal exceptions (10 events):
Event: 4617.994 Thread 0x000000001c5d9800 Exception <a 'java/lang/ClassNotFoundException': com/intellij/openapi/externalSystem/model/DefaultExternalProjectCustomizer> (0x00000000ecf88ad0) thrown at [D:\re\puppet\workspace\8-2-build-windows-amd64-cygwin\jdk8u73\6086\hotspot\src\share\vm\classfile\sΩ≈Á
≤@
Event: 4618.007 Thread 0x000000001c5d9800 Exception <a 'java/lang/ClassNotFoundException': com/intellij/openapi/externalSystem/model/DefaultExternalTaskBeanInfo> (0x00000000ed208220) thrown at [D:\re\puppet\workspace\8-2-build-windows-amd64-cygwin\jdk8u73\6086\hotspot\src\share\vm\classfile\systemXÈˇ
≤@
Event: 4618.008 Thread 0x000000001c5d9800 Exception <a 'java/lang/ClassNotFoundException': com/intellij/openapi/externalSystem/model/DefaultExternalTaskCustomizer> (0x00000000ed213ff8) thrown at [D:\re\puppet\workspace\8-2-build-windows-amd64-cygwin\jdk8u73\6086\hotspot\src\share\vm\classfile\syst
Event: 4618.043 Thread 0x000000001c5d9800 Exception <a 'java/lang/ClassNotFoundException': com/intellij/openapi/externalSystem/model/DefaultExternalPluginBeanInfo> (0x00000000ed37fd08) thrown at [D:\re\puppet\workspace\8-2-build-windows-amd64-cygwin\jdk8u73\6086\hotspot\src\share\vm\classfile\systüÔr
≤@
Event: 4618.043 Thread 0x000000001c5d9800 Exception <a 'java/lang/ClassNotFoundException': com/intellij/openapi/externalSystem/model/DefaultExternalPluginCustomizer> (0x00000000ed38bd40) thrown at [D:\re\puppet\workspace\8-2-build-windows-amd64-cygwin\jdk8u73\6086\hotspot\src\share\vm\classfile\syπ:—g‰≤@
Event: 4619.892 Thread 0x000000001c5d9800 Exception <a 'java/lang/ClassNotFoundException': asLocalRepo37_6pldaeqdi1lzzkvh1dddzy07vBeanInfo> (0x00000000ee4b6870) thrown at [D:\re\puppet\workspace\8-2-build-windows-amd64-cygwin\jdk8u73\6086\hotspot\src\share\vm\classfile\systemDictionary.cpp, line 2GSùê‰≤@
Event: 4619.893 Thread 0x000000001c5d9800 Exception <a 'java/lang/ClassNotFoundException': asLocalRepo37_6pldaeqdi1lzzkvh1dddzy07vCustomizer> (0x00000000ee4bfd38) thrown at [D:\re\puppet\workspace\8-2-build-windows-amd64-cygwin\jdk8u73\6086\hotspot\src\share\vm\classfile\systemDictionary.cpp, line∞´yEV≤@
Event: 4694.271 Thread 0x000000001c71a000 Exception <a 'java/lang/ClassNotFoundException': asLocalRepo38_6rqwddpr1ett67gk2fbc8dydsBeanInfo> (0x00000000ead72b80) thrown at [D:\re\puppet\workspace\8-2-build-windows-amd64-cygwin\jdk8u73\6086\hotspot\src\share\vm\classfile\systemDictionary.cpp, line 2¸–äEV≤@
Event: 4694.272 Thread 0x000000001c71a000 Exception <a 'java/lang/ClassNotFoundException': asLocalRepo38_6rqwddpr1ett67gk2fbc8dydsCustomizer> (0x00000000ead7c048) thrown at [D:\re\puppet\workspace\8-2-build-windows-amd64-cygwin\jdk8u73\6086\hotspot\src\share\vm\classfile\systemDictionary.cpp, line—∏?‰L\≤@
Event: 4700.300 Thread 0x000000001c71a000 Implicit null exception at 0x00000000048d1865 to 0x0000000000000000

Events (10 events):
Event: 4700.286 Thread 0x000000001c5d5000 Thread exited: 0x000000001c5d5000
Event: 4700.296 Executing VM operation: BulkRevokeBias
Event: 4700.296 Executing VM operation: BulkRevokeBias done
Event: 4700.296 Executing VM operation: BulkRevokeBias
Event: 4700.296 Executing VM operation: BulkRevokeBias done
Event: 4700.296 Thread 0x00000000238ea800 Thread exited: 0x00000000238ea800
Event: 4700.296 Executing VM operation: BulkRevokeBias
Event: 4700.297 Executing VM operation: BulkRevokeBias done
Event: 4700.297 Thread 0x00000000238ea000 Thread exited: 0x00000000238ea000
Event: 4700.297 Thread 0x000000001c727000 Thread exited: 0x000000001c727000


Dynamic libraries:
0x00007ff711570000 - 0x00007ff7115a7000 	D:\Java\jdk1.8.0_73\bin\java.exe
0x00007ff953930000 - 0x00007ff953af1000 	C:\WINDOWS\SYSTEM32\ntdll.dll
0x00007ff9530d0000 - 0x00007ff95317d000 	C:\WINDOWS\system32\KERNEL32.DLL
0x00007ff950910000 - 0x00007ff950af8000 	C:\WINDOWS\system32\KERNELBASE.dll
0x00007ff952cf0000 - 0x00007ff952d97000 	C:\WINDOWS\system32\ADVAPI32.dll
0x00007ff952da0000 - 0x00007ff952e3d000 	C:\WINDOWS\system32\msvcrt.dll
0x00007ff953720000 - 0x00007ff95377b000 	C:\WINDOWS\system32\sechost.dll
0x00007ff953180000 - 0x00007ff95329c000 	C:\WINDOWS\system32\RPCRT4.dll
0x00007ff950c00000 - 0x00007ff950d56000 	C:\WINDOWS\system32\USER32.dll
0x00007ff9532a0000 - 0x00007ff953426000 	C:\WINDOWS\system32\GDI32.dll
0x00007ff94aa30000 - 0x00007ff94aca4000 	C:\WINDOWS\WinSxS\amd64_microsoft.windows.common-controls_6595b64144ccf1df_6.0.10586.0_none_8c15ae12515e1c22\COMCTL32.dll
0x00007ff952a70000 - 0x00007ff952ced000 	C:\WINDOWS\system32\combase.dll
0x00007ff950b00000 - 0x00007ff950b6a000 	C:\WINDOWS\system32\bcryptPrimitives.dll
0x00007ff9523e0000 - 0x00007ff95241b000 	C:\WINDOWS\system32\IMM32.DLL
0x0000000070140000 - 0x0000000070212000 	D:\Java\jdk1.8.0_73\jre\bin\msvcr100.dll
0x0000000070610000 - 0x0000000070ea0000 	D:\Java\jdk1.8.0_73\jre\bin\server\jvm.dll
0x00007ff94ffc0000 - 0x00007ff94ffe3000 	C:\WINDOWS\system32\WINMM.dll
0x00007ff94fd60000 - 0x00007ff94fd8c000 	C:\WINDOWS\system32\WINMMBASE.dll
0x00007ff944120000 - 0x00007ff944129000 	C:\WINDOWS\SYSTEM32\WSOCK32.dll
0x00007ff950640000 - 0x00007ff950683000 	C:\WINDOWS\system32\cfgmgr32.dll
0x00007ff952320000 - 0x00007ff952328000 	C:\WINDOWS\system32\PSAPI.DLL
0x00007ff94c260000 - 0x00007ff94c26a000 	C:\WINDOWS\SYSTEM32\VERSION.dll
0x00007ff952a00000 - 0x00007ff952a6b000 	C:\WINDOWS\system32\WS2_32.dll
0x0000000071340000 - 0x000000007134f000 	D:\Java\jdk1.8.0_73\jre\bin\verify.dll
0x0000000071310000 - 0x0000000071339000 	D:\Java\jdk1.8.0_73\jre\bin\java.dll
0x00000000712f0000 - 0x0000000071306000 	D:\Java\jdk1.8.0_73\jre\bin\zip.dll
0x00007ff950dc0000 - 0x00007ff95231c000 	C:\WINDOWS\system32\SHELL32.dll
0x00007ff94fff0000 - 0x00007ff950635000 	C:\WINDOWS\system32\windows.storage.dll
0x00007ff953070000 - 0x00007ff9530c2000 	C:\WINDOWS\system32\shlwapi.dll
0x00007ff94fd40000 - 0x00007ff94fd4f000 	C:\WINDOWS\system32\kernel.appcore.dll
0x00007ff94fd90000 - 0x00007ff94fe45000 	C:\WINDOWS\system32\shcore.dll
0x00007ff9508c0000 - 0x00007ff95090b000 	C:\WINDOWS\system32\powrprof.dll
0x00007ff94fd20000 - 0x00007ff94fd34000 	C:\WINDOWS\system32\profapi.dll
0x00000000712b0000 - 0x00000000712ca000 	D:\Java\jdk1.8.0_73\jre\bin\net.dll
0x00007ff94f5f0000 - 0x00007ff94f64c000 	C:\WINDOWS\system32\mswsock.dll
0x0000000070510000 - 0x0000000070521000 	D:\Java\jdk1.8.0_73\jre\bin\nio.dll
0x00007ff939480000 - 0x00007ff939492000 	C:\Users\dongxu\.gradle\native\19\windows-amd64\native-platform.dll
0x00007ff94a5e0000 - 0x00007ff94a618000 	C:\WINDOWS\SYSTEM32\IPHLPAPI.DLL
0x00007ff953060000 - 0x00007ff953068000 	C:\WINDOWS\system32\NSI.dll
0x00007ff94a330000 - 0x00007ff94a346000 	C:\WINDOWS\SYSTEM32\dhcpcsvc6.DLL
0x00007ff949c80000 - 0x00007ff949c9a000 	C:\WINDOWS\SYSTEM32\dhcpcsvc.DLL
0x00007ff94f6a0000 - 0x00007ff94f6b7000 	C:\WINDOWS\SYSTEM32\CRYPTSP.dll
0x00007ff94f330000 - 0x00007ff94f364000 	C:\WINDOWS\system32\rsaenh.dll
0x00007ff94fc50000 - 0x00007ff94fc79000 	C:\WINDOWS\SYSTEM32\bcrypt.dll
0x00007ff94f480000 - 0x00007ff94f49f000 	C:\WINDOWS\SYSTEM32\USERENV.dll
0x00007ff94f7c0000 - 0x00007ff94f7cb000 	C:\WINDOWS\SYSTEM32\CRYPTBASE.dll
0x00000000712a0000 - 0x00000000712ad000 	D:\Java\jdk1.8.0_73\jre\bin\management.dll
0x00007ff941370000 - 0x00007ff9414fc000 	C:\WINDOWS\SYSTEM32\dbghelp.dll

VM Arguments:
jvm_args: -XX:MaxPermSize=256m -XX:+HeapDumpOnOutOfMemoryError -Xmx1024m -Dfile.encoding=GBK -Duser.country=CN -Duser.language=zh -Duser.variant 
java_command: org.gradle.launcher.daemon.bootstrap.GradleDaemon 2.4 C:\Users\dongxu\.gradle C:\Users\dongxu\.gradle\daemon 10800000 a2505a75-9daf-483f-95a6-ed5606ac3df8 -XX:MaxPermSize=256m -XX:+HeapDumpOnOutOfMemoryError -Xmx1024m -Dfile.encoding=GBK -Duser.country=CN -Duser.language=zh -Duser.variant
java_class_path (initial): C:\Users\dongxu\.gradle\wrapper\dists\gradle-2.4-all\6r4uqcc6ovnq6ac6s0txzcpc0\gradle-2.4\lib\gradle-launcher-2.4.jar
Launcher Type: SUN_STANDARD

Environment Variables:
JAVA_HOME=D:\Java\jdk1.8.0_73
CLASSPATH=.;D:\Java\jdk1.8.0_73\lib\tools.jar;D:\Java\jdk1.8.0_73\lib\dt.jar;D:\Java\jdk1.8.0_73\bin;
PATH=C:\WINDOWS\system32;C:\WINDOWS;C:\WINDOWS\System32\Wbem;C:\WINDOWS\System32\WindowsPowerShell\v1.0\;D:\Java\jdk1.8.0_73\bin;C:\ProgramData\Oracle\Java\javapath
USERNAME=dongxu
OS=Windows_NT
PROCESSOR_IDENTIFIER=Intel64 Family 6 Model 69 Stepping 1, GenuineIntel



---------------  S Y S T E M  ---------------

OS: Windows 10.0 , 64 bit Build 10586 (10.0.10586.0)

CPU:total 4 (2 cores per cpu, 2 threads per core) family 6 model 69 stepping 1, cmov, cx8, fxsr, mmx, sse, sse2, sse3, ssse3, sse4.1, sse4.2, popcnt, avx, avx2, aes, clmul, erms, lzcnt, ht, tsc, tscinvbit, bmi1, bmi2

Memory: 4k page, physical 8040812k(3316524k free), swap 11303092k(6234880k free)

vm_info: Java HotSpot(TM) 64-Bit Server VM (25.73-b02) for windows-amd64 JRE (1.8.0_73-b02), built on Jan 29 2016 17:38:49 by "java_re" with MS VC++ 10.0 (VS2010)

time: Wed Feb 24 21:13:25 2016
elapsed time: 4700 seconds (0d 1h 18m 20s)

